# JRE version: OpenJDK Runtime Environment (8.0_242-b01) (build 1.8.0_242-release-1644-b01)
# Java VM: OpenJDK 64-Bit Server VM (25.242-b01 mixed mode windows-amd64 compressed oops)
Heap:
 PSYoungGen      total 413696K, used 170339K [0x00000000d5580000, 0x00000000f7780000, 0x0000000100000000)
  eden space 311808K, 51% used [0x00000000d5580000,0x00000000df1ef8b8,0x00000000e8600000)
  from space 101888K, 9% used [0x00000000e8600000,0x00000000e8fe96b0,0x00000000ee980000)
  to   space 99840K, 0% used [0x00000000f1600000,0x00000000f1600000,0x00000000f7780000)
 ParOldGen       total 443904K, used 366404K [0x0000000080000000, 0x000000009b180000, 0x00000000d5580000)
  object space 443904K, 82% used [0x0000000080000000,0x00000000965d1398,0x000000009b180000)
 Metaspace       used 118283K, capacity 122592K, committed 122648K, reserved 1155072K
  class space    used 15227K, capacity 16131K, committed 16176K, reserved 1048576K
GC Heap History (10 events):
Event: 105.818 GC heap before
{Heap before GC invocations=26 (full 4):
 PSYoungGen      total 291840K, used 287439K [0x00000000d5580000, 0x00000000ef080000, 0x0000000100000000)
  eden space 232448K, 100% used [0x00000000d5580000,0x00000000e3880000,0x00000000e3880000)
  from space 59392K, 92% used [0x00000000e3880000,0x00000000e6e33d30,0x00000000e7280000)
  to   space 68096K, 0% used [0x00000000eae00000,0x00000000eae00000,0x00000000ef080000)
 ParOldGen       total 254976K, used 163741K [0x0000000080000000, 0x000000008f900000, 0x00000000d5580000)
  object space 254976K, 64% used [0x0000000080000000,0x0000000089fe7798,0x000000008f900000)
 Metaspace       used 115159K, capacity 119250K, committed 119832K, reserved 1153024K
  class space    used 14923K, capacity 15818K, committed 15920K, reserved 1048576K
Event: 106.353 GC heap after
Heap after GC invocations=26 (full 4):
 PSYoungGen      total 348160K, used 47838K [0x00000000d5580000, 0x00000000efd00000, 0x0000000100000000)
  eden space 280064K, 0% used [0x00000000d5580000,0x00000000d5580000,0x00000000e6700000)
  from space 68096K, 70% used [0x00000000eae00000,0x00000000edcb79c0,0x00000000ef080000)
  to   space 72704K, 0% used [0x00000000e6700000,0x00000000e6700000,0x00000000eae00000)
 ParOldGen       total 254976K, used 214003K [0x0000000080000000, 0x000000008f900000, 0x00000000d5580000)
  object space 254976K, 83% used [0x0000000080000000,0x000000008d0fcd50,0x000000008f900000)
 Metaspace       used 115159K, capacity 119250K, committed 119832K, reserved 1153024K
  class space    used 14923K, capacity 15818K, committed 15920K, reserved 1048576K
}
Event: 106.353 GC heap before
{Heap before GC invocations=27 (full 5):
 PSYoungGen      total 348160K, used 47838K [0x00000000d5580000, 0x00000000efd00000, 0x0000000100000000)
  eden space 280064K, 0% used [0x00000000d5580000,0x00000000d5580000,0x00000000e6700000)
  from space 68096K, 70% used [0x00000000eae00000,0x00000000edcb79c0,0x00000000ef080000)
  to   space 72704K, 0% used [0x00000000e6700000,0x00000000e6700000,0x00000000eae00000)
 ParOldGen       total 254976K, used 214003K [0x0000000080000000, 0x000000008f900000, 0x00000000d5580000)
  object space 254976K, 83% used [0x0000000080000000,0x000000008d0fcd50,0x000000008f900000)
 Metaspace       used 115159K, capacity 119250K, committed 119832K, reserved 1153024K
  class space    used 14923K, capacity 15818K, committed 15920K, reserved 1048576K
Event: 111.494 GC heap after
Heap after GC invocations=27 (full 5):
 PSYoungGen      total 348160K, used 0K [0x00000000d5580000, 0x00000000efd00000, 0x0000000100000000)
  eden space 280064K, 0% used [0x00000000d5580000,0x00000000d5580000,0x00000000e6700000)
  from space 68096K, 0% used [0x00000000eae00000,0x00000000eae00000,0x00000000ef080000)
  to   space 72704K, 0% used [0x00000000e6700000,0x00000000e6700000,0x00000000eae00000)
 ParOldGen       total 443904K, used 236922K [0x0000000080000000, 0x000000009b180000, 0x00000000d5580000)
  object space 443904K, 53% used [0x0000000080000000,0x000000008e75e9e0,0x000000009b180000)
 Metaspace       used 115068K, capacity 119060K, committed 119832K, reserved 1153024K
  class space    used 14889K, capacity 15757K, committed 15920K, reserved 1048576K
}
Event: 116.702 GC heap before
{Heap before GC invocations=28 (full 5):
 PSYoungGen      total 348160K, used 280064K [0x00000000d5580000, 0x00000000efd00000, 0x0000000100000000)
  eden space 280064K, 100% used [0x00000000d5580000,0x00000000e6700000,0x00000000e6700000)
  from space 68096K, 0% used [0x00000000eae00000,0x00000000eae00000,0x00000000ef080000)
  to   space 72704K, 0% used [0x00000000e6700000,0x00000000e6700000,0x00000000eae00000)
 ParOldGen       total 443904K, used 236922K [0x0000000080000000, 0x000000009b180000, 0x00000000d5580000)
  object space 443904K, 53% used [0x0000000080000000,0x000000008e75e9e0,0x000000009b180000)
 Metaspace       used 115842K, capacity 119792K, committed 120344K, reserved 1153024K
  class space    used 14965K, capacity 15839K, committed 15920K, reserved 1048576K
Event: 117.322 GC heap after
Heap after GC invocations=28 (full 5):
 PSYoungGen      total 352768K, used 72694K [0x00000000d5580000, 0x00000000f3e80000, 0x0000000100000000)
  eden space 280064K, 0% used [0x00000000d5580000,0x00000000d5580000,0x00000000e6700000)
  from space 72704K, 99% used [0x00000000e6700000,0x00000000eadfd898,0x00000000eae00000)
  to   space 87040K, 0% used [0x00000000ee980000,0x00000000ee980000,0x00000000f3e80000)
 ParOldGen       total 443904K, used 242532K [0x0000000080000000, 0x000000009b180000, 0x00000000d5580000)
  object space 443904K, 54% used [0x0000000080000000,0x000000008ecd92a8,0x000000009b180000)
 Metaspace       used 115842K, capacity 119792K, committed 120344K, reserved 1153024K
  class space    used 14965K, capacity 15839K, committed 15920K, reserved 1048576K
}
Event: 124.841 GC heap before
{Heap before GC invocations=29 (full 5):
 PSYoungGen      total 352768K, used 352758K [0x00000000d5580000, 0x00000000f3e80000, 0x0000000100000000)
  eden space 280064K, 100% used [0x00000000d5580000,0x00000000e6700000,0x00000000e6700000)
  from space 72704K, 99% used [0x00000000e6700000,0x00000000eadfd898,0x00000000eae00000)
  to   space 87040K, 0% used [0x00000000ee980000,0x00000000ee980000,0x00000000f3e80000)
 ParOldGen       total 443904K, used 242532K [0x0000000080000000, 0x000000009b180000, 0x00000000d5580000)
  object space 443904K, 54% used [0x0000000080000000,0x000000008ecd92a8,0x000000009b180000)
 Metaspace       used 116029K, capacity 119990K, committed 120600K, reserved 1155072K
  class space    used 14980K, capacity 15850K, committed 15920K, reserved 1048576K
Event: 126.662 GC heap after
Heap after GC invocations=29 (full 5):
 PSYoungGen      total 398848K, used 85795K [0x00000000d5580000, 0x00000000f6800000, 0x0000000100000000)
  eden space 311808K, 0% used [0x00000000d5580000,0x00000000d5580000,0x00000000e8600000)
  from space 87040K, 98% used [0x00000000ee980000,0x00000000f3d48fe0,0x00000000f3e80000)
  to   space 101888K, 0% used [0x00000000e8600000,0x00000000e8600000,0x00000000ee980000)
 ParOldGen       total 443904K, used 310062K [0x0000000080000000, 0x000000009b180000, 0x00000000d5580000)
  object space 443904K, 69% used [0x0000000080000000,0x0000000092ecbbd8,0x000000009b180000)
 Metaspace       used 116029K, capacity 119990K, committed 120600K, reserved 1155072K
  class space    used 14980K, capacity 15850K, committed 15920K, reserved 1048576K
}
Event: 139.234 GC heap before
{Heap before GC invocations=30 (full 5):
 PSYoungGen      total 398848K, used 397603K [0x00000000d5580000, 0x00000000f6800000, 0x0000000100000000)
  eden space 311808K, 100% used [0x00000000d5580000,0x00000000e8600000,0x00000000e8600000)
  from space 87040K, 98% used [0x00000000ee980000,0x00000000f3d48fe0,0x00000000f3e80000)
  to   space 101888K, 0% used [0x00000000e8600000,0x00000000e8600000,0x00000000ee980000)
 ParOldGen       total 443904K, used 310062K [0x0000000080000000, 0x000000009b180000, 0x00000000d5580000)
  object space 443904K, 69% used [0x0000000080000000,0x0000000092ecbbd8,0x000000009b180000)
 Metaspace       used 116131K, capacity 120072K, committed 120600K, reserved 1155072K
  class space    used 14982K, capacity 15853K, committed 15920K, reserved 1048576K
Event: 140.014 GC heap after
Heap after GC invocations=30 (full 5):
 PSYoungGen      total 413696K, used 10149K [0x00000000d5580000, 0x00000000f7780000, 0x0000000100000000)
  eden space 311808K, 0% used [0x00000000d5580000,0x00000000d5580000,0x00000000e8600000)
  from space 101888K, 9% used [0x00000000e8600000,0x00000000e8fe96b0,0x00000000ee980000)
  to   space 99840K, 0% used [0x00000000f1600000,0x00000000f1600000,0x00000000f7780000)
 ParOldGen       total 443904K, used 366404K [0x0000000080000000, 0x000000009b180000, 0x00000000d5580000)
  object space 443904K, 82% used [0x0000000080000000,0x00000000965d1398,0x000000009b180000)
 Metaspace       used 116131K, capacity 120072K, committed 120600K, reserved 1155072K
  class space    used 14982K, capacity 15853K, committed 15920K, reserved 1048576K
}

